[Block 0] Type: paragraph | Text: "Cybernetics is a systems discipline uniquely suited to wicked challenges because it forefronts infor"
[Block 1] Type: paragraph | Text: "This document offers a Summary Description of The Laboratory for Cybernetics opening in Spring 2025 "
[Block 2] Type: divider | Value: (no rich text)
[Block 3] Type: heading_2 | Text: "SUMMARY DESCRIPTION"
[Block 4] Type: paragraph | Text: "Students grappling with domains of ‘wicked challenges’ are invited to engage with the Laboratory for"
[Block 5] Type: paragraph | Text: "The first premise of L4C is that experimentation is the necessary mindset when approaching ‘wicked c"
[Block 6] Type: paragraph | Text: "The second premise is that Cybernetics and Systems afford unique and relatively untapped resources f"
[Block 7] Type: paragraph | Text: "The third premise is that students benefit deeply when engaged with in-world practitioners. Guidance"
[Block 8] Type: paragraph | Text: "The resources of L4C will be grown over time in categories of concepts and materials, models and met"
[Block 9] Type: paragraph | Text: "To establish an appropriate mechanism for utilizing the L4C, starting in 2025 a course will be offer"
[Block 10] Type: divider | Value: (no rich text)
[Block 11] Type: heading_2 | Text: "DEFINING DOCUMENTS"
[Block 12] Type: heading_4 | Text: "Engaging Wicked Challenges"
[Block 13] Type: paragraph | Text: "Defining a new course entitled Engaging Wicked Challenges [Course Syllabus] and cross-listed in CMU "
[Block 14] Type: heading_4 | Text: "Definitions & Resources"
[Block 15] Type: paragraph | Text: "Defining L4C’s resources and processes—how to approach L4C, what it offers, and what to expect"
[Block 16] Type: heading_4 | Text: "Cybernetics Prize"
[Block 17] Type: paragraph | Text: "Defining a prize for Best Design Brief→—a culmination of the Engaging Wicked Challenges course, thou"
[Block 18] Type: paragraph | Text: "NOTE: The window for submissions is open between April 1 and April 30, 2026 [link to submission to b"
[Block 19] Type: heading_4 | Text: "Cybernetics in a Laboratory Context"
[Block 20] Type: paragraph | Text: "Defining Cybernetics as a rationale for the prize and its criteria—what a reader should know about C"
[Block 21] Type: heading_4 | Text: "Wicked Challenges"
[Block 22] Type: paragraph | Text: "Defining ‘wicked challenges’—intention of the phrase and why not ‘wicked problems’"
[Block 23] Type: heading_4 | Text: "Re-Braiding Cybernetics & AI"
[Block 24] Type: paragraph | Text: "Designing a public exhibit of materials from Cybernetics and from AI—and to “re-braid” those two fie"
[Block 25] Type: divider | Value: (no rich text)
[Block 26] Type: heading_2 | Text: "CONTRIBUTING RESOURCES TO LAB4C REPOSITORY"
[Block 27] Type: paragraph | Text: "Please use this GOOG Form to contribute concepts and materials, models and methods relating to Cyber"
[Block 28] Type: paragraph | Text: "A major activity of the L4C is to gather a wide range of materials and media to support students, sc"
[Block 29] Type: paragraph | Text: "The ambition for these resources is broad. We hope to tap expertise from individuals as well as acro"
[Block 30] Type: paragraph | Text: "Please add resources via this form. Repeat the survey to add additional entries. Please feel free to"
[Block 31] Type: divider | Value: (no rich text)
[Block 32] Type: paragraph | Text: ""
